[debug] [2018-10-31T18:37:13.203Z] ----------------------------------------------------------------------
[debug] [2018-10-31T18:37:13.205Z] Command:       C:\Program Files\nodejs\node.exe C:\Users\cbfca\AppData\Roaming\npm\node_modules\firebase-tools\lib\bin\firebase.js init
[debug] [2018-10-31T18:37:13.206Z] CLI Version:   6.0.0
[debug] [2018-10-31T18:37:13.206Z] Platform:      win32
[debug] [2018-10-31T18:37:13.206Z] Node Version:  v10.3.0
[debug] [2018-10-31T18:37:13.206Z] Time:          Wed Oct 31 2018 15:37:13 GMT-0300 (Hora oficial do Brasil)
[debug] [2018-10-31T18:37:13.206Z] ----------------------------------------------------------------------
[debug] 
[debug] [2018-10-31T18:37:13.216Z] > command requires scopes: ["email","openid","https://www.googleapis.com/auth/cloudplatformprojects.readonly","https://www.googleapis.com/auth/firebase","https://www.googleapis.com/auth/cloud-platform"]
[debug] [2018-10-31T18:37:13.217Z] > authorizing via signed-in user
[info] 
     ######## #### ########  ######## ########     ###     ######  ########
     ##        ##  ##     ## ##       ##     ##  ##   ##  ##       ##
     ######    ##  ########  ######   ########  #########  ######  ######
     ##        ##  ##    ##  ##       ##     ## ##     ##       ## ##
     ##       #### ##     ## ######## ########  ##     ##  ######  ########

You're about to initialize a Firebase project in this directory:

  C:\Users\cbfca\Desktop\routes\topStories

[info] 
=== Project Setup
[info] 
[info] First, let's associate this project directory with a Firebase project.
[info] You can create multiple project aliases by running firebase use --add, 
[info] but for now we'll just set up a default project.
[info] 
[debug] [2018-10-31T18:37:19.665Z] > refreshing access token with scopes: ["email","https://www.googleapis.com/auth/cloud-platform","https://www.googleapis.com/auth/cloudplatformprojects.readonly","https://www.googleapis.com/auth/firebase","openid"]
[debug] [2018-10-31T18:37:19.665Z] >>> HTTP REQUEST POST https://www.googleapis.com/oauth2/v3/token  
 <request body omitted>
[debug] [2018-10-31T18:37:19.944Z] <<< HTTP RESPONSE 200
[debug] [2018-10-31T18:37:20.010Z] >>> HTTP REQUEST GET https://firebase.googleapis.com/v1beta1/projects?page_size=100  
 
[debug] [2018-10-31T18:37:20.059Z] Error: unable to get local issuer certificate
    at TLSSocket.onConnectSecure (_tls_wrap.js:1055:34)
    at TLSSocket.emit (events.js:182:13)
    at TLSSocket.EventEmitter.emit (domain.js:442:20)
    at TLSSocket._finishInit (_tls_wrap.js:635:8)
[error] 
[error] Error: Server Error. unable to get local issuer certificate
